<?xml version="1.0" encoding="UTF-8"?>
<urlset xmlns="http://www.sitemaps.org/schemas/sitemap/0.9">
  <url>
    <loc>https://www.kheyamind.ai</loc>
    <lastmod>2025-07-01T10:51:54.351Z</lastmod>
    <changefreq>weekly</changefreq>
    <priority>1.0</priority>
  </url>
  <url>
    <loc>https://www.kheyamind.ai/about-us</loc>
    <lastmod>2025-07-01T10:51:54.351Z</lastmod>
    <changefreq>monthly</changefreq>
    <priority>0.8</priority>
  </url>
  <url>
    <loc>https://www.kheyamind.ai/services</loc>
    <lastmod>2025-07-01T10:51:54.351Z</lastmod>
    <changefreq>weekly</changefreq>
    <priority>0.9</priority>
  </url>
  <url>
    <loc>https://www.kheyamind.ai/blogs</loc>
    <lastmod>2025-07-01T10:51:54.351Z</lastmod>
    <changefreq>daily</changefreq>
    <priority>0.8</priority>
  </url>
  <url>
    <loc>https://www.kheyamind.ai/contact-us</loc>
    <lastmod>2025-07-01T10:51:54.351Z</lastmod>
    <changefreq>monthly</changefreq>
    <priority>0.7</priority>
  </url>
  <url>
    <loc>https://www.kheyamind.ai/services/ai-chatbots</loc>
    <lastmod>2025-07-01T10:51:54.351Z</lastmod>
    <changefreq>monthly</changefreq>
    <priority>0.8</priority>
  </url>
  <url>
    <loc>https://www.kheyamind.ai/services/voice-ai-agents</loc>
    <lastmod>2025-07-01T10:51:54.351Z</lastmod>
    <changefreq>monthly</changefreq>
    <priority>0.8</priority>
  </url>
  <url>
    <loc>https://www.kheyamind.ai/services/nlp-custom-gpt-solutions</loc>
    <lastmod>2025-07-01T10:51:54.351Z</lastmod>
    <changefreq>monthly</changefreq>
    <priority>0.8</priority>
  </url>
  <url>
    <loc>https://www.kheyamind.ai/services/ai-powered-erp-tools</loc>
    <lastmod>2025-07-01T10:51:54.351Z</lastmod>
    <changefreq>monthly</changefreq>
    <priority>0.8</priority>
  </url>
  <url>
    <loc>https://www.kheyamind.ai/services/cloud-devops-ai</loc>
    <lastmod>2025-07-01T10:51:54.351Z</lastmod>
    <changefreq>monthly</changefreq>
    <priority>0.8</priority>
  </url>
  <url>
    <loc>https://www.kheyamind.ai/services/ai-interface-design</loc>
    <lastmod>2025-07-01T10:51:54.351Z</lastmod>
    <changefreq>monthly</changefreq>
    <priority>0.8</priority>
  </url>
  <url>
    <loc>https://www.kheyamind.ai/services/mobile-app-development</loc>
    <lastmod>2025-07-01T10:51:54.351Z</lastmod>
    <changefreq>monthly</changefreq>
    <priority>0.8</priority>
  </url>
  <url>
    <loc>https://www.kheyamind.ai/blogs/test</loc>
    <lastmod>2025-07-01T10:51:56.527Z</lastmod>
    <changefreq>daily</changefreq>
    <priority>0.7</priority>
  </url>
  <url>
    <loc>https://www.kheyamind.ai/blogs/supply-chain-ai-revolution-2025-cost-reduction-emerging-markets</loc>
    <lastmod>2025-07-01T10:51:56.527Z</lastmod>
    <changefreq>daily</changefreq>
    <priority>0.7</priority>
  </url>
  <url>
    <loc>https://www.kheyamind.ai/blogs/fintech-ai-revolution-2025-fraud-reduction-intelligent-automation</loc>
    <lastmod>2025-07-01T10:51:56.527Z</lastmod>
    <changefreq>daily</changefreq>
    <priority>0.7</priority>
  </url>
  <url>
    <loc>https://www.kheyamind.ai/blogs/agentic-ai-revolution-autonomous-agents-2025</loc>
    <lastmod>2025-07-01T10:51:56.527Z</lastmod>
    <changefreq>daily</changefreq>
    <priority>0.7</priority>
  </url>
  <url>
    <loc>https://www.kheyamind.ai/blogs/ai-ecommerce-revolution-2025-conversion-rates</loc>
    <lastmod>2025-07-01T10:51:56.527Z</lastmod>
    <changefreq>daily</changefreq>
    <priority>0.7</priority>
  </url>
  <url>
    <loc>https://www.kheyamind.ai/blogs/ai-roi-framework-42-percent-fail-2025</loc>
    <lastmod>2025-07-01T10:51:56.527Z</lastmod>
    <changefreq>daily</changefreq>
    <priority>0.7</priority>
  </url>
  <url>
    <loc>https://www.kheyamind.ai/blogs/ai-property-management-tools-2025-global-guide</loc>
    <lastmod>2025-07-01T10:51:56.527Z</lastmod>
    <changefreq>daily</changefreq>
    <priority>0.7</priority>
  </url>
  <url>
    <loc>https://www.kheyamind.ai/blogs/ai-readiness-checklist-scalable-automation</loc>
    <lastmod>2025-07-01T10:51:56.527Z</lastmod>
    <changefreq>daily</changefreq>
    <priority>0.7</priority>
  </url>
  <url>
    <loc>https://www.kheyamind.ai/blogs/enterprise-ai-consulting-india</loc>
    <lastmod>2025-07-01T10:51:56.527Z</lastmod>
    <changefreq>daily</changefreq>
    <priority>0.7</priority>
  </url>
  <url>
    <loc>https://www.kheyamind.ai/chatbots-voice-ai</loc>
    <lastmod>2025-07-01T10:51:54.351Z</lastmod>
    <changefreq>monthly</changefreq>
    <priority>0.8</priority>
  </url>
  <url>
    <loc>https://www.kheyamind.ai/ai-enterprise-solutions</loc>
    <lastmod>2025-07-01T10:51:54.351Z</lastmod>
    <changefreq>monthly</changefreq>
    <priority>0.8</priority>
  </url>
  <url>
    <loc>https://www.kheyamind.ai/real-estate-ai-solutions</loc>
    <lastmod>2025-07-01T10:51:54.351Z</lastmod>
    <changefreq>monthly</changefreq>
    <priority>0.8</priority>
  </url>
</urlset>